{"C:\\Users\\akiva\\OneDrive\\Documents\\2024-group-lab-003\\src\\controllers\\roomController.js": {"path":"C:\\Users\\akiva\\OneDrive\\Documents\\2024-group-lab-003\\src\\controllers\\roomController.js","statementMap":{"0":{"start":{"line":1,"column":60},"end":{"line":1,"column":91}},"1":{"start":{"line":5,"column":17},"end":{"line":5,"column":22}},"2":{"start":{"line":6,"column":2},"end":{"line":10,"column":21}},"3":{"start":{"line":7,"column":4},"end":{"line":7,"column":35}},"4":{"start":{"line":8,"column":25},"end":{"line":8,"column":63}},"5":{"start":{"line":9,"column":4},"end":{"line":9,"column":28}},"6":{"start":{"line":11,"column":2},"end":{"line":11,"column":17}},"7":{"start":{"line":16,"column":4},"end":{"line":16,"column":68}},"8":{"start":{"line":17,"column":15},"end":{"line":17,"column":17}},"9":{"start":{"line":18,"column":2},"end":{"line":21,"column":3}},"10":{"start":{"line":18,"column":15},"end":{"line":18,"column":16}},"11":{"start":{"line":20,"column":4},"end":{"line":20,"column":78}},"12":{"start":{"line":22,"column":2},"end":{"line":22,"column":15}},"13":{"start":{"line":26,"column":30},"end":{"line":26,"column":38}},"14":{"start":{"line":27,"column":2},"end":{"line":62,"column":3}},"15":{"start":{"line":29,"column":17},"end":{"line":29,"column":46}},"16":{"start":{"line":32,"column":4},"end":{"line":34,"column":5}},"17":{"start":{"line":33,"column":6},"end":{"line":33,"column":64}},"18":{"start":{"line":37,"column":21},"end":{"line":37,"column":45}},"19":{"start":{"line":38,"column":20},"end":{"line":41,"column":6}},"20":{"start":{"line":42,"column":4},"end":{"line":42,"column":24}},"21":{"start":{"line":45,"column":26},"end":{"line":50,"column":6}},"22":{"start":{"line":51,"column":4},"end":{"line":51,"column":30}},"23":{"start":{"line":54,"column":4},"end":{"line":58,"column":6}},"24":{"start":{"line":60,"column":4},"end":{"line":60,"column":22}},"25":{"start":{"line":61,"column":4},"end":{"line":61,"column":85}},"26":{"start":{"line":66,"column":40},"end":{"line":66,"column":48}},"27":{"start":{"line":67,"column":2},"end":{"line":94,"column":3}},"28":{"start":{"line":68,"column":17},"end":{"line":68,"column":55}},"29":{"start":{"line":69,"column":4},"end":{"line":71,"column":5}},"30":{"start":{"line":70,"column":6},"end":{"line":70,"column":80}},"31":{"start":{"line":73,"column":17},"end":{"line":73,"column":46}},"32":{"start":{"line":74,"column":4},"end":{"line":76,"column":5}},"33":{"start":{"line":75,"column":6},"end":{"line":75,"column":80}},"34":{"start":{"line":78,"column":26},"end":{"line":83,"column":6}},"35":{"start":{"line":85,"column":4},"end":{"line":85,"column":30}},"36":{"start":{"line":86,"column":4},"end":{"line":90,"column":6}},"37":{"start":{"line":92,"column":4},"end":{"line":92,"column":47}},"38":{"start":{"line":93,"column":4},"end":{"line":93,"column":76}},"39":{"start":{"line":98,"column":19},"end":{"line":98,"column":28}},"40":{"start":{"line":99,"column":2},"end":{"line":120,"column":3}},"41":{"start":{"line":101,"column":17},"end":{"line":101,"column":45}},"42":{"start":{"line":102,"column":4},"end":{"line":106,"column":5}},"43":{"start":{"line":103,"column":6},"end":{"line":103,"column":50}},"44":{"start":{"line":104,"column":6},"end":{"line":104,"column":73}},"45":{"start":{"line":105,"column":6},"end":{"line":105,"column":12}},"46":{"start":{"line":108,"column":20},"end":{"line":108,"column":78}},"47":{"start":{"line":110,"column":4},"end":{"line":116,"column":6}},"48":{"start":{"line":112,"column":35},"end":{"line":115,"column":7}},"49":{"start":{"line":118,"column":4},"end":{"line":118,"column":56}},"50":{"start":{"line":119,"column":4},"end":{"line":119,"column":76}},"51":{"start":{"line":124,"column":19},"end":{"line":124,"column":29}},"52":{"start":{"line":125,"column":2},"end":{"line":136,"column":3}},"53":{"start":{"line":126,"column":17},"end":{"line":126,"column":45}},"54":{"start":{"line":127,"column":4},"end":{"line":131,"column":5}},"55":{"start":{"line":128,"column":6},"end":{"line":130,"column":60}},"56":{"start":{"line":132,"column":4},"end":{"line":132,"column":49}},"57":{"start":{"line":134,"column":4},"end":{"line":134,"column":55}},"58":{"start":{"line":135,"column":4},"end":{"line":135,"column":76}},"59":{"start":{"line":140,"column":29},"end":{"line":140,"column":39}},"60":{"start":{"line":142,"column":2},"end":{"line":158,"column":3}},"61":{"start":{"line":143,"column":23},"end":{"line":146,"column":13}},"62":{"start":{"line":148,"column":4},"end":{"line":152,"column":5}},"63":{"start":{"line":149,"column":6},"end":{"line":151,"column":76}},"64":{"start":{"line":154,"column":4},"end":{"line":154,"column":60}},"65":{"start":{"line":156,"column":4},"end":{"line":156,"column":56}},"66":{"start":{"line":157,"column":4},"end":{"line":157,"column":78}},"67":{"start":{"line":162,"column":21},"end":{"line":162,"column":31}},"68":{"start":{"line":163,"column":2},"end":{"line":185,"column":3}},"69":{"start":{"line":165,"column":24},"end":{"line":169,"column":5}},"70":{"start":{"line":171,"column":4},"end":{"line":175,"column":5}},"71":{"start":{"line":172,"column":6},"end":{"line":174,"column":60}},"72":{"start":{"line":177,"column":4},"end":{"line":181,"column":6}},"73":{"start":{"line":183,"column":4},"end":{"line":183,"column":48}},"74":{"start":{"line":184,"column":4},"end":{"line":184,"column":78}},"75":{"start":{"line":189,"column":21},"end":{"line":189,"column":31}},"76":{"start":{"line":191,"column":2},"end":{"line":204,"column":3}},"77":{"start":{"line":192,"column":17},"end":{"line":192,"column":51}},"78":{"start":{"line":194,"column":4},"end":{"line":198,"column":5}},"79":{"start":{"line":195,"column":6},"end":{"line":197,"column":60}},"80":{"start":{"line":200,"column":4},"end":{"line":200,"column":60}},"81":{"start":{"line":202,"column":4},"end":{"line":202,"column":63}},"82":{"start":{"line":203,"column":4},"end":{"line":203,"column":78}},"83":{"start":{"line":209,"column":29},"end":{"line":209,"column":39}},"84":{"start":{"line":211,"column":2},"end":{"line":227,"column":3}},"85":{"start":{"line":213,"column":25},"end":{"line":213,"column":90}},"86":{"start":{"line":215,"column":4},"end":{"line":217,"column":5}},"87":{"start":{"line":216,"column":6},"end":{"line":216,"column":87}},"88":{"start":{"line":220,"column":4},"end":{"line":223,"column":6}},"89":{"start":{"line":225,"column":4},"end":{"line":225,"column":50}},"90":{"start":{"line":226,"column":4},"end":{"line":226,"column":78}},"91":{"start":{"line":232,"column":35},"end":{"line":232,"column":45}},"92":{"start":{"line":234,"column":2},"end":{"line":250,"column":3}},"93":{"start":{"line":236,"column":25},"end":{"line":236,"column":100}},"94":{"start":{"line":238,"column":4},"end":{"line":240,"column":5}},"95":{"start":{"line":239,"column":6},"end":{"line":239,"column":87}},"96":{"start":{"line":243,"column":4},"end":{"line":246,"column":6}},"97":{"start":{"line":248,"column":4},"end":{"line":248,"column":50}},"98":{"start":{"line":249,"column":4},"end":{"line":249,"column":78}},"99":{"start":{"line":254,"column":29},"end":{"line":254,"column":39}},"100":{"start":{"line":256,"column":2},"end":{"line":274,"column":3}},"101":{"start":{"line":258,"column":17},"end":{"line":258,"column":51}},"102":{"start":{"line":259,"column":4},"end":{"line":261,"column":5}},"103":{"start":{"line":260,"column":6},"end":{"line":260,"column":80}},"104":{"start":{"line":264,"column":24},"end":{"line":264,"column":87}},"105":{"start":{"line":265,"column":4},"end":{"line":267,"column":5}},"106":{"start":{"line":266,"column":6},"end":{"line":266,"column":96}},"107":{"start":{"line":270,"column":4},"end":{"line":270,"column":74}},"108":{"start":{"line":272,"column":4},"end":{"line":272,"column":65}},"109":{"start":{"line":273,"column":4},"end":{"line":273,"column":78}},"110":{"start":{"line":279,"column":32},"end":{"line":279,"column":42}},"111":{"start":{"line":281,"column":2},"end":{"line":298,"column":3}},"112":{"start":{"line":283,"column":24},"end":{"line":283,"column":85}},"113":{"start":{"line":285,"column":4},"end":{"line":287,"column":5}},"114":{"start":{"line":286,"column":6},"end":{"line":286,"column":80}},"115":{"start":{"line":290,"column":4},"end":{"line":294,"column":6}},"116":{"start":{"line":296,"column":4},"end":{"line":296,"column":60}},"117":{"start":{"line":297,"column":4},"end":{"line":297,"column":78}},"118":{"start":{"line":303,"column":35},"end":{"line":303,"column":45}},"119":{"start":{"line":305,"column":2},"end":{"line":322,"column":3}},"120":{"start":{"line":307,"column":24},"end":{"line":307,"column":88}},"121":{"start":{"line":309,"column":4},"end":{"line":311,"column":5}},"122":{"start":{"line":310,"column":6},"end":{"line":310,"column":80}},"123":{"start":{"line":314,"column":4},"end":{"line":318,"column":6}},"124":{"start":{"line":320,"column":4},"end":{"line":320,"column":58}},"125":{"start":{"line":321,"column":4},"end":{"line":321,"column":78}},"126":{"start":{"line":326,"column":32},"end":{"line":326,"column":42}},"127":{"start":{"line":328,"column":2},"end":{"line":360,"column":3}},"128":{"start":{"line":330,"column":23},"end":{"line":330,"column":50}},"129":{"start":{"line":331,"column":4},"end":{"line":333,"column":5}},"130":{"start":{"line":332,"column":6},"end":{"line":332,"column":80}},"131":{"start":{"line":336,"column":39},"end":{"line":336,"column":88}},"132":{"start":{"line":339,"column":21},"end":{"line":339,"column":23}},"133":{"start":{"line":340,"column":4},"end":{"line":349,"column":5}},"134":{"start":{"line":340,"column":17},"end":{"line":340,"column":18}},"135":{"start":{"line":341,"column":23},"end":{"line":346,"column":8}},"136":{"start":{"line":347,"column":6},"end":{"line":347,"column":27}},"137":{"start":{"line":348,"column":6},"end":{"line":348,"column":33}},"138":{"start":{"line":352,"column":4},"end":{"line":356,"column":6}},"139":{"start":{"line":358,"column":4},"end":{"line":358,"column":48}},"140":{"start":{"line":359,"column":4},"end":{"line":359,"column":78}},"141":{"start":{"line":364,"column":34},"end":{"line":364,"column":44}},"142":{"start":{"line":366,"column":2},"end":{"line":383,"column":3}},"143":{"start":{"line":368,"column":18},"end":{"line":368,"column":82}},"144":{"start":{"line":370,"column":4},"end":{"line":372,"column":5}},"145":{"start":{"line":371,"column":6},"end":{"line":371,"column":81}},"146":{"start":{"line":375,"column":4},"end":{"line":379,"column":6}},"147":{"start":{"line":381,"column":4},"end":{"line":381,"column":54}},"148":{"start":{"line":382,"column":4},"end":{"line":382,"column":78}},"149":{"start":{"line":387,"column":58},"end":{"line":387,"column":66}},"150":{"start":{"line":389,"column":2},"end":{"line":441,"column":3}},"151":{"start":{"line":391,"column":4},"end":{"line":393,"column":5}},"152":{"start":{"line":392,"column":6},"end":{"line":392,"column":84}},"153":{"start":{"line":395,"column":20},"end":{"line":395,"column":22}},"154":{"start":{"line":398,"column":4},"end":{"line":429,"column":5}},"155":{"start":{"line":398,"column":17},"end":{"line":398,"column":18}},"156":{"start":{"line":399,"column":22},"end":{"line":399,"column":36}},"157":{"start":{"line":400,"column":27},"end":{"line":400,"column":38}},"158":{"start":{"line":402,"column":6},"end":{"line":428,"column":7}},"159":{"start":{"line":402,"column":19},"end":{"line":402,"column":20}},"160":{"start":{"line":404,"column":25},"end":{"line":404,"column":52}},"161":{"start":{"line":405,"column":23},"end":{"line":405,"column":33}},"162":{"start":{"line":407,"column":8},"end":{"line":427,"column":9}},"163":{"start":{"line":409,"column":29},"end":{"line":415,"column":12}},"164":{"start":{"line":416,"column":10},"end":{"line":416,"column":41}},"165":{"start":{"line":419,"column":29},"end":{"line":425,"column":12}},"166":{"start":{"line":426,"column":10},"end":{"line":426,"column":41}},"167":{"start":{"line":432,"column":4},"end":{"line":432,"column":30}},"168":{"start":{"line":434,"column":4},"end":{"line":437,"column":6}},"169":{"start":{"line":439,"column":4},"end":{"line":439,"column":56}},"170":{"start":{"line":440,"column":4},"end":{"line":440,"column":78}},"171":{"start":{"line":445,"column":19},"end":{"line":445,"column":28}},"172":{"start":{"line":446,"column":2},"end":{"line":468,"column":3}},"173":{"start":{"line":448,"column":17},"end":{"line":448,"column":45}},"174":{"start":{"line":449,"column":4},"end":{"line":453,"column":5}},"175":{"start":{"line":450,"column":6},"end":{"line":450,"column":50}},"176":{"start":{"line":451,"column":6},"end":{"line":451,"column":73}},"177":{"start":{"line":452,"column":6},"end":{"line":452,"column":12}},"178":{"start":{"line":456,"column":19},"end":{"line":456,"column":55}},"179":{"start":{"line":458,"column":4},"end":{"line":464,"column":6}},"180":{"start":{"line":460,"column":35},"end":{"line":463,"column":7}},"181":{"start":{"line":466,"column":4},"end":{"line":466,"column":50}},"182":{"start":{"line":467,"column":4},"end":{"line":467,"column":76}},"183":{"start":{"line":472,"column":36},"end":{"line":472,"column":46}},"184":{"start":{"line":474,"column":2},"end":{"line":493,"column":3}},"185":{"start":{"line":476,"column":27},"end":{"line":483,"column":5}},"186":{"start":{"line":485,"column":4},"end":{"line":489,"column":6}},"187":{"start":{"line":491,"column":4},"end":{"line":491,"column":58}},"188":{"start":{"line":492,"column":4},"end":{"line":492,"column":78}},"189":{"start":{"line":497,"column":34},"end":{"line":497,"column":44}},"190":{"start":{"line":498,"column":2},"end":{"line":514,"column":3}},"191":{"start":{"line":499,"column":22},"end":{"line":502,"column":13}},"192":{"start":{"line":504,"column":4},"end":{"line":508,"column":5}},"193":{"start":{"line":505,"column":6},"end":{"line":507,"column":66}},"194":{"start":{"line":510,"column":4},"end":{"line":510,"column":61}},"195":{"start":{"line":512,"column":4},"end":{"line":512,"column":53}},"196":{"start":{"line":513,"column":4},"end":{"line":513,"column":78}},"197":{"start":{"line":518,"column":34},"end":{"line":518,"column":44}},"198":{"start":{"line":520,"column":2},"end":{"line":520,"column":37}},"199":{"start":{"line":521,"column":2},"end":{"line":521,"column":43}},"200":{"start":{"line":523,"column":2},"end":{"line":548,"column":3}},"201":{"start":{"line":525,"column":25},"end":{"line":525,"column":90}},"202":{"start":{"line":527,"column":4},"end":{"line":529,"column":5}},"203":{"start":{"line":528,"column":6},"end":{"line":528,"column":86}},"204":{"start":{"line":532,"column":23},"end":{"line":532,"column":44}},"205":{"start":{"line":533,"column":4},"end":{"line":535,"column":5}},"206":{"start":{"line":534,"column":6},"end":{"line":534,"column":106}},"207":{"start":{"line":537,"column":4},"end":{"line":537,"column":45}},"208":{"start":{"line":540,"column":4},"end":{"line":544,"column":6}},"209":{"start":{"line":546,"column":4},"end":{"line":546,"column":58}},"210":{"start":{"line":547,"column":4},"end":{"line":547,"column":78}},"211":{"start":{"line":552,"column":34},"end":{"line":552,"column":44}},"212":{"start":{"line":554,"column":2},"end":{"line":577,"column":3}},"213":{"start":{"line":556,"column":25},"end":{"line":556,"column":88}},"214":{"start":{"line":558,"column":4},"end":{"line":560,"column":5}},"215":{"start":{"line":559,"column":6},"end":{"line":559,"column":86}},"216":{"start":{"line":563,"column":23},"end":{"line":563,"column":44}},"217":{"start":{"line":564,"column":4},"end":{"line":566,"column":5}},"218":{"start":{"line":565,"column":6},"end":{"line":565,"column":106}},"219":{"start":{"line":569,"column":4},"end":{"line":573,"column":6}},"220":{"start":{"line":575,"column":4},"end":{"line":575,"column":58}},"221":{"start":{"line":576,"column":4},"end":{"line":576,"column":78}},"222":{"start":{"line":581,"column":34},"end":{"line":581,"column":44}},"223":{"start":{"line":583,"column":2},"end":{"line":604,"column":3}},"224":{"start":{"line":585,"column":25},"end":{"line":589,"column":5}},"225":{"start":{"line":591,"column":4},"end":{"line":593,"column":5}},"226":{"start":{"line":592,"column":6},"end":{"line":592,"column":81}},"227":{"start":{"line":596,"column":4},"end":{"line":600,"column":6}},"228":{"start":{"line":602,"column":4},"end":{"line":602,"column":64}},"229":{"start":{"line":603,"column":4},"end":{"line":603,"column":78}},"230":{"start":{"line":608,"column":31},"end":{"line":608,"column":41}},"231":{"start":{"line":610,"column":2},"end":{"line":634,"column":3}},"232":{"start":{"line":612,"column":18},"end":{"line":612,"column":78}},"233":{"start":{"line":613,"column":4},"end":{"line":615,"column":5}},"234":{"start":{"line":614,"column":6},"end":{"line":614,"column":81}},"235":{"start":{"line":618,"column":4},"end":{"line":630,"column":5}},"236":{"start":{"line":619,"column":6},"end":{"line":623,"column":8}},"237":{"start":{"line":625,"column":6},"end":{"line":629,"column":8}},"238":{"start":{"line":632,"column":4},"end":{"line":632,"column":60}},"239":{"start":{"line":633,"column":4},"end":{"line":633,"column":78}},"240":{"start":{"line":638,"column":17},"end":{"line":638,"column":34}},"241":{"start":{"line":639,"column":2},"end":{"line":663,"column":3}},"242":{"start":{"line":641,"column":23},"end":{"line":641,"column":50}},"243":{"start":{"line":642,"column":4},"end":{"line":646,"column":5}},"244":{"start":{"line":643,"column":6},"end":{"line":643,"column":52}},"245":{"start":{"line":644,"column":6},"end":{"line":644,"column":73}},"246":{"start":{"line":645,"column":6},"end":{"line":645,"column":12}},"247":{"start":{"line":649,"column":20},"end":{"line":650,"column":38}},"248":{"start":{"line":652,"column":4},"end":{"line":659,"column":6}},"249":{"start":{"line":654,"column":38},"end":{"line":658,"column":7}},"250":{"start":{"line":661,"column":4},"end":{"line":661,"column":56}},"251":{"start":{"line":662,"column":4},"end":{"line":662,"column":76}},"252":{"start":{"line":667,"column":21},"end":{"line":667,"column":31}},"253":{"start":{"line":669,"column":2},"end":{"line":682,"column":3}},"254":{"start":{"line":670,"column":19},"end":{"line":670,"column":67}},"255":{"start":{"line":672,"column":4},"end":{"line":674,"column":5}},"256":{"start":{"line":673,"column":6},"end":{"line":673,"column":95}},"257":{"start":{"line":676,"column":21},"end":{"line":676,"column":51}},"258":{"start":{"line":676,"column":41},"end":{"line":676,"column":50}},"259":{"start":{"line":678,"column":4},"end":{"line":678,"column":41}},"260":{"start":{"line":680,"column":4},"end":{"line":680,"column":60}},"261":{"start":{"line":681,"column":4},"end":{"line":681,"column":76}},"262":{"start":{"line":686,"column":34},"end":{"line":686,"column":44}},"263":{"start":{"line":687,"column":2},"end":{"line":716,"column":3}},"264":{"start":{"line":688,"column":22},"end":{"line":691,"column":13}},"265":{"start":{"line":693,"column":4},"end":{"line":693,"column":90}},"266":{"start":{"line":694,"column":4},"end":{"line":696,"column":5}},"267":{"start":{"line":695,"column":6},"end":{"line":695,"column":86}},"268":{"start":{"line":699,"column":23},"end":{"line":701,"column":13}},"269":{"start":{"line":703,"column":4},"end":{"line":705,"column":5}},"270":{"start":{"line":704,"column":6},"end":{"line":704,"column":87}},"271":{"start":{"line":708,"column":4},"end":{"line":712,"column":6}},"272":{"start":{"line":714,"column":4},"end":{"line":714,"column":53}},"273":{"start":{"line":715,"column":4},"end":{"line":715,"column":78}},"274":{"start":{"line":720,"column":30},"end":{"line":720,"column":38}},"275":{"start":{"line":721,"column":20},"end":{"line":721,"column":28}},"276":{"start":{"line":723,"column":2},"end":{"line":725,"column":3}},"277":{"start":{"line":724,"column":4},"end":{"line":724,"column":86}},"278":{"start":{"line":727,"column":2},"end":{"line":747,"column":3}},"279":{"start":{"line":728,"column":19},"end":{"line":728,"column":35}},"280":{"start":{"line":730,"column":27},"end":{"line":737,"column":5}},"281":{"start":{"line":739,"column":4},"end":{"line":743,"column":6}},"282":{"start":{"line":745,"column":4},"end":{"line":745,"column":47}},"283":{"start":{"line":746,"column":4},"end":{"line":746,"column":81}},"284":{"start":{"line":751,"column":34},"end":{"line":751,"column":44}},"285":{"start":{"line":753,"column":2},"end":{"line":771,"column":3}},"286":{"start":{"line":754,"column":25},"end":{"line":757,"column":13}},"287":{"start":{"line":759,"column":4},"end":{"line":761,"column":5}},"288":{"start":{"line":760,"column":6},"end":{"line":760,"column":89}},"289":{"start":{"line":764,"column":24},"end":{"line":764,"column":65}},"290":{"start":{"line":765,"column":4},"end":{"line":765,"column":28}},"291":{"start":{"line":767,"column":4},"end":{"line":767,"column":55}},"292":{"start":{"line":769,"column":4},"end":{"line":769,"column":56}},"293":{"start":{"line":770,"column":4},"end":{"line":770,"column":78}},"294":{"start":{"line":775,"column":2},"end":{"line":794,"column":3}},"295":{"start":{"line":777,"column":20},"end":{"line":777,"column":71}},"296":{"start":{"line":780,"column":23},"end":{"line":785,"column":7}},"297":{"start":{"line":780,"column":41},"end":{"line":785,"column":5}},"298":{"start":{"line":787,"column":4},"end":{"line":790,"column":6}},"299":{"start":{"line":792,"column":4},"end":{"line":792,"column":56}},"300":{"start":{"line":793,"column":4},"end":{"line":793,"column":76}},"301":{"start":{"line":798,"column":34},"end":{"line":798,"column":44}},"302":{"start":{"line":799,"column":2},"end":{"line":799,"column":89}},"303":{"start":{"line":801,"column":2},"end":{"line":835,"column":3}},"304":{"start":{"line":802,"column":4},"end":{"line":802,"column":82}},"305":{"start":{"line":803,"column":25},"end":{"line":806,"column":13}},"306":{"start":{"line":808,"column":4},"end":{"line":808,"column":47}},"307":{"start":{"line":810,"column":4},"end":{"line":812,"column":5}},"308":{"start":{"line":811,"column":6},"end":{"line":811,"column":108}},"309":{"start":{"line":815,"column":23},"end":{"line":817,"column":13}},"310":{"start":{"line":819,"column":4},"end":{"line":821,"column":5}},"311":{"start":{"line":820,"column":6},"end":{"line":820,"column":82}},"312":{"start":{"line":824,"column":24},"end":{"line":824,"column":65}},"313":{"start":{"line":827,"column":4},"end":{"line":831,"column":6}},"314":{"start":{"line":833,"column":4},"end":{"line":833,"column":54}},"315":{"start":{"line":834,"column":4},"end":{"line":834,"column":78}},"316":{"start":{"line":839,"column":21},"end":{"line":839,"column":31}},"317":{"start":{"line":841,"column":2},"end":{"line":854,"column":3}},"318":{"start":{"line":842,"column":17},"end":{"line":842,"column":51}},"319":{"start":{"line":844,"column":4},"end":{"line":848,"column":5}},"320":{"start":{"line":845,"column":6},"end":{"line":847,"column":60}},"321":{"start":{"line":850,"column":4},"end":{"line":850,"column":90}},"322":{"start":{"line":852,"column":4},"end":{"line":852,"column":63}},"323":{"start":{"line":853,"column":4},"end":{"line":853,"column":78}},"324":{"start":{"line":858,"column":2},"end":{"line":883,"column":3}},"325":{"start":{"line":859,"column":21},"end":{"line":877,"column":13}},"326":{"start":{"line":879,"column":4},"end":{"line":879,"column":41}},"327":{"start":{"line":881,"column":4},"end":{"line":881,"column":52}},"328":{"start":{"line":882,"column":4},"end":{"line":882,"column":78}},"329":{"start":{"line":887,"column":2},"end":{"line":912,"column":3}},"330":{"start":{"line":888,"column":21},"end":{"line":906,"column":13}},"331":{"start":{"line":908,"column":4},"end":{"line":908,"column":41}},"332":{"start":{"line":910,"column":4},"end":{"line":910,"column":52}},"333":{"start":{"line":911,"column":4},"end":{"line":911,"column":78}},"334":{"start":{"line":916,"column":20},"end":{"line":916,"column":28}},"335":{"start":{"line":917,"column":2},"end":{"line":933,"column":3}},"336":{"start":{"line":919,"column":15},"end":{"line":919,"column":44}},"337":{"start":{"line":922,"column":4},"end":{"line":925,"column":5}},"338":{"start":{"line":923,"column":6},"end":{"line":923,"column":32}},"339":{"start":{"line":924,"column":6},"end":{"line":924,"column":23}},"340":{"start":{"line":927,"column":4},"end":{"line":927,"column":18}},"341":{"start":{"line":929,"column":4},"end":{"line":929,"column":59}},"342":{"start":{"line":930,"column":4},"end":{"line":932,"column":5}},"343":{"start":{"line":931,"column":6},"end":{"line":931,"column":78}},"344":{"start":{"line":937,"column":2},"end":{"line":944,"column":3}},"345":{"start":{"line":938,"column":18},"end":{"line":938,"column":64}},"346":{"start":{"line":940,"column":4},"end":{"line":940,"column":38}},"347":{"start":{"line":942,"column":4},"end":{"line":942,"column":49}},"348":{"start":{"line":943,"column":4},"end":{"line":943,"column":78}},"349":{"start":{"line":948,"column":21},"end":{"line":948,"column":31}},"350":{"start":{"line":950,"column":2},"end":{"line":963,"column":3}},"351":{"start":{"line":951,"column":19},"end":{"line":951,"column":99}},"352":{"start":{"line":953,"column":4},"end":{"line":955,"column":5}},"353":{"start":{"line":954,"column":6},"end":{"line":954,"column":104}},"354":{"start":{"line":957,"column":21},"end":{"line":957,"column":51}},"355":{"start":{"line":957,"column":41},"end":{"line":957,"column":50}},"356":{"start":{"line":959,"column":4},"end":{"line":959,"column":41}},"357":{"start":{"line":961,"column":4},"end":{"line":961,"column":53}},"358":{"start":{"line":962,"column":4},"end":{"line":962,"column":78}},"359":{"start":{"line":966,"column":0},"end":{"line":1002,"column":1}}},"fnMap":{"0":{"name":"generateRoomCode","decl":{"start":{"line":3,"column":15},"end":{"line":3,"column":31}},"loc":{"start":{"line":3,"column":35},"end":{"line":12,"column":1}},"line":3},"1":{"name":"generateRandomCode","decl":{"start":{"line":14,"column":9},"end":{"line":14,"column":27}},"loc":{"start":{"line":14,"column":31},"end":{"line":23,"column":1}},"line":14},"2":{"name":"createRoom","decl":{"start":{"line":25,"column":15},"end":{"line":25,"column":25}},"loc":{"start":{"line":25,"column":37},"end":{"line":63,"column":1}},"line":25},"3":{"name":"joinRoom","decl":{"start":{"line":65,"column":15},"end":{"line":65,"column":23}},"loc":{"start":{"line":65,"column":35},"end":{"line":95,"column":1}},"line":65},"4":{"name":"getRoomPlayers","decl":{"start":{"line":97,"column":15},"end":{"line":97,"column":29}},"loc":{"start":{"line":97,"column":41},"end":{"line":121,"column":1}},"line":97},"5":{"name":"(anonymous_5)","decl":{"start":{"line":112,"column":27},"end":{"line":112,"column":28}},"loc":{"start":{"line":112,"column":35},"end":{"line":115,"column":7}},"line":112},"6":{"name":"getRoomIdByCode","decl":{"start":{"line":123,"column":15},"end":{"line":123,"column":30}},"loc":{"start":{"line":123,"column":42},"end":{"line":137,"column":1}},"line":123},"7":{"name":"isUserAdmin","decl":{"start":{"line":139,"column":15},"end":{"line":139,"column":26}},"loc":{"start":{"line":139,"column":38},"end":{"line":159,"column":1}},"line":139},"8":{"name":"startRoom","decl":{"start":{"line":161,"column":15},"end":{"line":161,"column":24}},"loc":{"start":{"line":161,"column":36},"end":{"line":186,"column":1}},"line":161},"9":{"name":"checkRoomStarted","decl":{"start":{"line":188,"column":15},"end":{"line":188,"column":31}},"loc":{"start":{"line":188,"column":43},"end":{"line":205,"column":1}},"line":188},"10":{"name":"removePlayerFromRoomByID","decl":{"start":{"line":208,"column":15},"end":{"line":208,"column":39}},"loc":{"start":{"line":208,"column":51},"end":{"line":228,"column":1}},"line":208},"11":{"name":"removePlayerFromRoomByNickname","decl":{"start":{"line":231,"column":15},"end":{"line":231,"column":45}},"loc":{"start":{"line":231,"column":57},"end":{"line":251,"column":1}},"line":231},"12":{"name":"userIsInRoom","decl":{"start":{"line":253,"column":15},"end":{"line":253,"column":27}},"loc":{"start":{"line":253,"column":39},"end":{"line":275,"column":1}},"line":253},"13":{"name":"setNumRounds","decl":{"start":{"line":278,"column":15},"end":{"line":278,"column":27}},"loc":{"start":{"line":278,"column":39},"end":{"line":299,"column":1}},"line":278},"14":{"name":"setTimePerRound","decl":{"start":{"line":302,"column":15},"end":{"line":302,"column":30}},"loc":{"start":{"line":302,"column":42},"end":{"line":323,"column":1}},"line":302},"15":{"name":"addRoundsToRoom","decl":{"start":{"line":325,"column":15},"end":{"line":325,"column":30}},"loc":{"start":{"line":325,"column":42},"end":{"line":361,"column":1}},"line":325},"16":{"name":"getRoundID","decl":{"start":{"line":363,"column":15},"end":{"line":363,"column":25}},"loc":{"start":{"line":363,"column":37},"end":{"line":384,"column":1}},"line":363},"17":{"name":"insertBookEntries","decl":{"start":{"line":386,"column":15},"end":{"line":386,"column":32}},"loc":{"start":{"line":386,"column":44},"end":{"line":442,"column":1}},"line":386},"18":{"name":"getRoomRounds","decl":{"start":{"line":444,"column":15},"end":{"line":444,"column":28}},"loc":{"start":{"line":444,"column":40},"end":{"line":469,"column":1}},"line":444},"19":{"name":"(anonymous_19)","decl":{"start":{"line":460,"column":25},"end":{"line":460,"column":26}},"loc":{"start":{"line":460,"column":35},"end":{"line":463,"column":7}},"line":460},"20":{"name":"addTextDescription","decl":{"start":{"line":471,"column":15},"end":{"line":471,"column":33}},"loc":{"start":{"line":471,"column":45},"end":{"line":494,"column":1}},"line":471},"21":{"name":"getText","decl":{"start":{"line":496,"column":15},"end":{"line":496,"column":22}},"loc":{"start":{"line":496,"column":34},"end":{"line":515,"column":1}},"line":496},"22":{"name":"getBookUserIdFromDraw","decl":{"start":{"line":517,"column":15},"end":{"line":517,"column":36}},"loc":{"start":{"line":517,"column":48},"end":{"line":549,"column":1}},"line":517},"23":{"name":"getBookUserIdFromText","decl":{"start":{"line":551,"column":15},"end":{"line":551,"column":36}},"loc":{"start":{"line":551,"column":48},"end":{"line":578,"column":1}},"line":551},"24":{"name":"incrementPlayersReadyInRound","decl":{"start":{"line":580,"column":15},"end":{"line":580,"column":43}},"loc":{"start":{"line":580,"column":55},"end":{"line":605,"column":1}},"line":580},"25":{"name":"checkAllPlayersReady","decl":{"start":{"line":607,"column":15},"end":{"line":607,"column":35}},"loc":{"start":{"line":607,"column":47},"end":{"line":635,"column":1}},"line":607},"26":{"name":"getPlayersByRoomId","decl":{"start":{"line":637,"column":15},"end":{"line":637,"column":33}},"loc":{"start":{"line":637,"column":45},"end":{"line":664,"column":1}},"line":637},"27":{"name":"(anonymous_27)","decl":{"start":{"line":654,"column":27},"end":{"line":654,"column":28}},"loc":{"start":{"line":654,"column":38},"end":{"line":658,"column":7}},"line":654},"28":{"name":"getRoomRoundsByRoomId","decl":{"start":{"line":666,"column":15},"end":{"line":666,"column":36}},"loc":{"start":{"line":666,"column":48},"end":{"line":683,"column":1}},"line":666},"29":{"name":"(anonymous_29)","decl":{"start":{"line":676,"column":32},"end":{"line":676,"column":33}},"loc":{"start":{"line":676,"column":41},"end":{"line":676,"column":50}},"line":676},"30":{"name":"getFinalText","decl":{"start":{"line":685,"column":15},"end":{"line":685,"column":27}},"loc":{"start":{"line":685,"column":39},"end":{"line":717,"column":1}},"line":685},"31":{"name":"addImage","decl":{"start":{"line":719,"column":15},"end":{"line":719,"column":23}},"loc":{"start":{"line":719,"column":35},"end":{"line":748,"column":1}},"line":719},"32":{"name":"getDrawing","decl":{"start":{"line":750,"column":15},"end":{"line":750,"column":25}},"loc":{"start":{"line":750,"column":37},"end":{"line":772,"column":1}},"line":750},"33":{"name":"fetchAllRoomPlayers","decl":{"start":{"line":774,"column":15},"end":{"line":774,"column":34}},"loc":{"start":{"line":774,"column":46},"end":{"line":795,"column":1}},"line":774},"34":{"name":"(anonymous_34)","decl":{"start":{"line":780,"column":35},"end":{"line":780,"column":36}},"loc":{"start":{"line":780,"column":41},"end":{"line":785,"column":5}},"line":780},"35":{"name":"getImageData","decl":{"start":{"line":797,"column":15},"end":{"line":797,"column":27}},"loc":{"start":{"line":797,"column":39},"end":{"line":836,"column":1}},"line":797},"36":{"name":"getRoomMetadata","decl":{"start":{"line":838,"column":15},"end":{"line":838,"column":30}},"loc":{"start":{"line":838,"column":42},"end":{"line":855,"column":1}},"line":838},"37":{"name":"fetchAllDrawings","decl":{"start":{"line":857,"column":15},"end":{"line":857,"column":31}},"loc":{"start":{"line":857,"column":43},"end":{"line":884,"column":1}},"line":857},"38":{"name":"fetchAllTextings","decl":{"start":{"line":886,"column":15},"end":{"line":886,"column":31}},"loc":{"start":{"line":886,"column":43},"end":{"line":913,"column":1}},"line":886},"39":{"name":"findOrCreateUser","decl":{"start":{"line":915,"column":15},"end":{"line":915,"column":31}},"loc":{"start":{"line":915,"column":43},"end":{"line":934,"column":1}},"line":915},"40":{"name":"getAllUsers","decl":{"start":{"line":936,"column":15},"end":{"line":936,"column":26}},"loc":{"start":{"line":936,"column":38},"end":{"line":945,"column":1}},"line":936},"41":{"name":"getRoundIdsByRoom","decl":{"start":{"line":947,"column":15},"end":{"line":947,"column":32}},"loc":{"start":{"line":947,"column":44},"end":{"line":964,"column":1}},"line":947},"42":{"name":"(anonymous_42)","decl":{"start":{"line":957,"column":32},"end":{"line":957,"column":33}},"loc":{"start":{"line":957,"column":41},"end":{"line":957,"column":50}},"line":957}},"branchMap":{"0":{"loc":{"start":{"line":32,"column":4},"end":{"line":34,"column":5}},"type":"if","locations":[{"start":{"line":32,"column":4},"end":{"line":34,"column":5}},{"start":{},"end":{}}],"line":32},"1":{"loc":{"start":{"line":69,"column":4},"end":{"line":71,"column":5}},"type":"if","locations":[{"start":{"line":69,"column":4},"end":{"line":71,"column":5}},{"start":{},"end":{}}],"line":69},"2":{"loc":{"start":{"line":74,"column":4},"end":{"line":76,"column":5}},"type":"if","locations":[{"start":{"line":74,"column":4},"end":{"line":76,"column":5}},{"start":{},"end":{}}],"line":74},"3":{"loc":{"start":{"line":102,"column":4},"end":{"line":106,"column":5}},"type":"if","locations":[{"start":{"line":102,"column":4},"end":{"line":106,"column":5}},{"start":{},"end":{}}],"line":102},"4":{"loc":{"start":{"line":127,"column":4},"end":{"line":131,"column":5}},"type":"if","locations":[{"start":{"line":127,"column":4},"end":{"line":131,"column":5}},{"start":{},"end":{}}],"line":127},"5":{"loc":{"start":{"line":148,"column":4},"end":{"line":152,"column":5}},"type":"if","locations":[{"start":{"line":148,"column":4},"end":{"line":152,"column":5}},{"start":{},"end":{}}],"line":148},"6":{"loc":{"start":{"line":171,"column":4},"end":{"line":175,"column":5}},"type":"if","locations":[{"start":{"line":171,"column":4},"end":{"line":175,"column":5}},{"start":{},"end":{}}],"line":171},"7":{"loc":{"start":{"line":194,"column":4},"end":{"line":198,"column":5}},"type":"if","locations":[{"start":{"line":194,"column":4},"end":{"line":198,"column":5}},{"start":{},"end":{}}],"line":194},"8":{"loc":{"start":{"line":215,"column":4},"end":{"line":217,"column":5}},"type":"if","locations":[{"start":{"line":215,"column":4},"end":{"line":217,"column":5}},{"start":{},"end":{}}],"line":215},"9":{"loc":{"start":{"line":238,"column":4},"end":{"line":240,"column":5}},"type":"if","locations":[{"start":{"line":238,"column":4},"end":{"line":240,"column":5}},{"start":{},"end":{}}],"line":238},"10":{"loc":{"start":{"line":259,"column":4},"end":{"line":261,"column":5}},"type":"if","locations":[{"start":{"line":259,"column":4},"end":{"line":261,"column":5}},{"start":{},"end":{}}],"line":259},"11":{"loc":{"start":{"line":265,"column":4},"end":{"line":267,"column":5}},"type":"if","locations":[{"start":{"line":265,"column":4},"end":{"line":267,"column":5}},{"start":{},"end":{}}],"line":265},"12":{"loc":{"start":{"line":285,"column":4},"end":{"line":287,"column":5}},"type":"if","locations":[{"start":{"line":285,"column":4},"end":{"line":287,"column":5}},{"start":{},"end":{}}],"line":285},"13":{"loc":{"start":{"line":309,"column":4},"end":{"line":311,"column":5}},"type":"if","locations":[{"start":{"line":309,"column":4},"end":{"line":311,"column":5}},{"start":{},"end":{}}],"line":309},"14":{"loc":{"start":{"line":331,"column":4},"end":{"line":333,"column":5}},"type":"if","locations":[{"start":{"line":331,"column":4},"end":{"line":333,"column":5}},{"start":{},"end":{}}],"line":331},"15":{"loc":{"start":{"line":370,"column":4},"end":{"line":372,"column":5}},"type":"if","locations":[{"start":{"line":370,"column":4},"end":{"line":372,"column":5}},{"start":{},"end":{}}],"line":370},"16":{"loc":{"start":{"line":391,"column":4},"end":{"line":393,"column":5}},"type":"if","locations":[{"start":{"line":391,"column":4},"end":{"line":393,"column":5}},{"start":{},"end":{}}],"line":391},"17":{"loc":{"start":{"line":391,"column":8},"end":{"line":391,"column":79}},"type":"binary-expr","locations":[{"start":{"line":391,"column":8},"end":{"line":391,"column":27}},{"start":{"line":391,"column":31},"end":{"line":391,"column":46}},{"start":{"line":391,"column":50},"end":{"line":391,"column":79}}],"line":391},"18":{"loc":{"start":{"line":407,"column":8},"end":{"line":427,"column":9}},"type":"if","locations":[{"start":{"line":407,"column":8},"end":{"line":427,"column":9}},{"start":{"line":417,"column":15},"end":{"line":427,"column":9}}],"line":407},"19":{"loc":{"start":{"line":449,"column":4},"end":{"line":453,"column":5}},"type":"if","locations":[{"start":{"line":449,"column":4},"end":{"line":453,"column":5}},{"start":{},"end":{}}],"line":449},"20":{"loc":{"start":{"line":504,"column":4},"end":{"line":508,"column":5}},"type":"if","locations":[{"start":{"line":504,"column":4},"end":{"line":508,"column":5}},{"start":{},"end":{}}],"line":504},"21":{"loc":{"start":{"line":527,"column":4},"end":{"line":529,"column":5}},"type":"if","locations":[{"start":{"line":527,"column":4},"end":{"line":529,"column":5}},{"start":{},"end":{}}],"line":527},"22":{"loc":{"start":{"line":533,"column":4},"end":{"line":535,"column":5}},"type":"if","locations":[{"start":{"line":533,"column":4},"end":{"line":535,"column":5}},{"start":{},"end":{}}],"line":533},"23":{"loc":{"start":{"line":558,"column":4},"end":{"line":560,"column":5}},"type":"if","locations":[{"start":{"line":558,"column":4},"end":{"line":560,"column":5}},{"start":{},"end":{}}],"line":558},"24":{"loc":{"start":{"line":564,"column":4},"end":{"line":566,"column":5}},"type":"if","locations":[{"start":{"line":564,"column":4},"end":{"line":566,"column":5}},{"start":{},"end":{}}],"line":564},"25":{"loc":{"start":{"line":591,"column":4},"end":{"line":593,"column":5}},"type":"if","locations":[{"start":{"line":591,"column":4},"end":{"line":593,"column":5}},{"start":{},"end":{}}],"line":591},"26":{"loc":{"start":{"line":613,"column":4},"end":{"line":615,"column":5}},"type":"if","locations":[{"start":{"line":613,"column":4},"end":{"line":615,"column":5}},{"start":{},"end":{}}],"line":613},"27":{"loc":{"start":{"line":618,"column":4},"end":{"line":630,"column":5}},"type":"if","locations":[{"start":{"line":618,"column":4},"end":{"line":630,"column":5}},{"start":{"line":624,"column":11},"end":{"line":630,"column":5}}],"line":618},"28":{"loc":{"start":{"line":642,"column":4},"end":{"line":646,"column":5}},"type":"if","locations":[{"start":{"line":642,"column":4},"end":{"line":646,"column":5}},{"start":{},"end":{}}],"line":642},"29":{"loc":{"start":{"line":672,"column":4},"end":{"line":674,"column":5}},"type":"if","locations":[{"start":{"line":672,"column":4},"end":{"line":674,"column":5}},{"start":{},"end":{}}],"line":672},"30":{"loc":{"start":{"line":693,"column":43},"end":{"line":693,"column":87}},"type":"cond-expr","locations":[{"start":{"line":693,"column":55},"end":{"line":693,"column":73}},{"start":{"line":693,"column":76},"end":{"line":693,"column":87}}],"line":693},"31":{"loc":{"start":{"line":694,"column":4},"end":{"line":696,"column":5}},"type":"if","locations":[{"start":{"line":694,"column":4},"end":{"line":696,"column":5}},{"start":{},"end":{}}],"line":694},"32":{"loc":{"start":{"line":703,"column":4},"end":{"line":705,"column":5}},"type":"if","locations":[{"start":{"line":703,"column":4},"end":{"line":705,"column":5}},{"start":{},"end":{}}],"line":703},"33":{"loc":{"start":{"line":723,"column":2},"end":{"line":725,"column":3}},"type":"if","locations":[{"start":{"line":723,"column":2},"end":{"line":725,"column":3}},{"start":{},"end":{}}],"line":723},"34":{"loc":{"start":{"line":759,"column":4},"end":{"line":761,"column":5}},"type":"if","locations":[{"start":{"line":759,"column":4},"end":{"line":761,"column":5}},{"start":{},"end":{}}],"line":759},"35":{"loc":{"start":{"line":810,"column":4},"end":{"line":812,"column":5}},"type":"if","locations":[{"start":{"line":810,"column":4},"end":{"line":812,"column":5}},{"start":{},"end":{}}],"line":810},"36":{"loc":{"start":{"line":810,"column":8},"end":{"line":810,"column":48}},"type":"binary-expr","locations":[{"start":{"line":810,"column":8},"end":{"line":810,"column":21}},{"start":{"line":810,"column":25},"end":{"line":810,"column":48}}],"line":810},"37":{"loc":{"start":{"line":819,"column":4},"end":{"line":821,"column":5}},"type":"if","locations":[{"start":{"line":819,"column":4},"end":{"line":821,"column":5}},{"start":{},"end":{}}],"line":819},"38":{"loc":{"start":{"line":844,"column":4},"end":{"line":848,"column":5}},"type":"if","locations":[{"start":{"line":844,"column":4},"end":{"line":848,"column":5}},{"start":{},"end":{}}],"line":844},"39":{"loc":{"start":{"line":922,"column":4},"end":{"line":925,"column":5}},"type":"if","locations":[{"start":{"line":922,"column":4},"end":{"line":925,"column":5}},{"start":{},"end":{}}],"line":922},"40":{"loc":{"start":{"line":930,"column":4},"end":{"line":932,"column":5}},"type":"if","locations":[{"start":{"line":930,"column":4},"end":{"line":932,"column":5}},{"start":{},"end":{}}],"line":930},"41":{"loc":{"start":{"line":953,"column":4},"end":{"line":955,"column":5}},"type":"if","locations":[{"start":{"line":953,"column":4},"end":{"line":955,"column":5}},{"start":{},"end":{}}],"line":953},"42":{"loc":{"start":{"line":953,"column":8},"end":{"line":953,"column":38}},"type":"binary-expr","locations":[{"start":{"line":953,"column":8},"end":{"line":953,"column":15}},{"start":{"line":953,"column":19},"end":{"line":953,"column":38}}],"line":953}},"s":{"0":1,"1":0,"2":0,"3":0,"4":0,"5":0,"6":0,"7":0,"8":0,"9":0,"10":0,"11":0,"12":0,"13":0,"14":0,"15":0,"16":0,"17":0,"18":0,"19":0,"20":0,"21":0,"22":0,"23":0,"24":0,"25":0,"26":2,"27":2,"28":2,"29":1,"30":1,"31":0,"32":0,"33":0,"34":0,"35":0,"36":0,"37":1,"38":1,"39":3,"40":3,"41":3,"42":2,"43":1,"44":1,"45":1,"46":1,"47":0,"48":0,"49":2,"50":2,"51":3,"52":3,"53":3,"54":2,"55":1,"56":1,"57":1,"58":1,"59":3,"60":3,"61":3,"62":0,"63":0,"64":0,"65":3,"66":3,"67":3,"68":3,"69":3,"70":2,"71":1,"72":1,"73":1,"74":1,"75":2,"76":2,"77":2,"78":0,"79":0,"80":0,"81":2,"82":2,"83":3,"84":3,"85":3,"86":2,"87":1,"88":1,"89":1,"90":1,"91":3,"92":3,"93":3,"94":2,"95":1,"96":1,"97":1,"98":1,"99":3,"100":3,"101":3,"102":0,"103":0,"104":0,"105":0,"106":0,"107":0,"108":3,"109":3,"110":3,"111":3,"112":3,"113":2,"114":1,"115":1,"116":1,"117":1,"118":3,"119":3,"120":3,"121":2,"122":1,"123":1,"124":1,"125":1,"126":2,"127":2,"128":2,"129":2,"130":1,"131":1,"132":1,"133":1,"134":1,"135":3,"136":3,"137":3,"138":1,"139":0,"140":0,"141":2,"142":2,"143":2,"144":0,"145":0,"146":0,"147":2,"148":2,"149":3,"150":3,"151":3,"152":1,"153":2,"154":2,"155":2,"156":4,"157":4,"158":4,"159":4,"160":8,"161":8,"162":8,"163":4,"164":4,"165":4,"166":4,"167":2,"168":1,"169":1,"170":1,"171":3,"172":3,"173":3,"174":2,"175":1,"176":1,"177":1,"178":1,"179":1,"180":2,"181":1,"182":1,"183":1,"184":1,"185":1,"186":0,"187":1,"188":1,"189":2,"190":2,"191":2,"192":0,"193":0,"194":0,"195":2,"196":2,"197":4,"198":4,"199":4,"200":4,"201":4,"202":3,"203":1,"204":2,"205":2,"206":1,"207":1,"208":1,"209":1,"210":1,"211":4,"212":4,"213":4,"214":3,"215":1,"216":2,"217":2,"218":1,"219":1,"220":1,"221":1,"222":3,"223":3,"224":3,"225":2,"226":1,"227":1,"228":1,"229":1,"230":4,"231":4,"232":4,"233":3,"234":1,"235":2,"236":1,"237":1,"238":1,"239":1,"240":3,"241":3,"242":3,"243":2,"244":1,"245":1,"246":1,"247":1,"248":0,"249":0,"250":2,"251":2,"252":0,"253":0,"254":0,"255":0,"256":0,"257":0,"258":0,"259":0,"260":0,"261":0,"262":2,"263":2,"264":2,"265":0,"266":0,"267":0,"268":0,"269":0,"270":0,"271":0,"272":2,"273":2,"274":0,"275":0,"276":0,"277":0,"278":0,"279":0,"280":0,"281":0,"282":0,"283":0,"284":2,"285":2,"286":2,"287":0,"288":0,"289":0,"290":0,"291":0,"292":2,"293":2,"294":2,"295":2,"296":1,"297":2,"298":1,"299":1,"300":1,"301":2,"302":2,"303":2,"304":2,"305":2,"306":0,"307":0,"308":0,"309":0,"310":0,"311":0,"312":0,"313":0,"314":2,"315":2,"316":2,"317":2,"318":2,"319":0,"320":0,"321":0,"322":2,"323":2,"324":1,"325":1,"326":0,"327":1,"328":1,"329":1,"330":1,"331":0,"332":1,"333":1,"334":3,"335":3,"336":3,"337":2,"338":1,"339":1,"340":2,"341":1,"342":1,"343":1,"344":2,"345":2,"346":1,"347":1,"348":1,"349":3,"350":3,"351":3,"352":2,"353":1,"354":1,"355":2,"356":1,"357":1,"358":1,"359":1},"f":{"0":0,"1":0,"2":0,"3":2,"4":3,"5":0,"6":3,"7":3,"8":3,"9":2,"10":3,"11":3,"12":3,"13":3,"14":3,"15":2,"16":2,"17":3,"18":3,"19":2,"20":1,"21":2,"22":4,"23":4,"24":3,"25":4,"26":3,"27":0,"28":0,"29":0,"30":2,"31":0,"32":2,"33":2,"34":2,"35":2,"36":2,"37":1,"38":1,"39":3,"40":2,"41":3,"42":2},"b":{"0":[0,0],"1":[1,0],"2":[0,0],"3":[1,1],"4":[1,1],"5":[0,0],"6":[1,1],"7":[0,0],"8":[1,1],"9":[1,1],"10":[0,0],"11":[0,0],"12":[1,1],"13":[1,1],"14":[1,1],"15":[0,0],"16":[1,2],"17":[3,2,2],"18":[4,4],"19":[1,1],"20":[0,0],"21":[1,2],"22":[1,1],"23":[1,2],"24":[1,1],"25":[1,1],"26":[1,2],"27":[1,1],"28":[1,1],"29":[0,0],"30":[0,0],"31":[0,0],"32":[0,0],"33":[0,0],"34":[0,0],"35":[0,0],"36":[0,0],"37":[0,0],"38":[0,0],"39":[1,1],"40":[1,0],"41":[1,1],"42":[2,2]},"_coverageSchema":"1a1c01bbd47fc00a2c39e90264f33305004495a9","hash":"99948dca5c1dc2d4f503fa95ce2195d6a30815e1"}
,"C:\\Users\\akiva\\OneDrive\\Documents\\2024-group-lab-003\\src\\services\\dbSchema.js": {"path":"C:\\Users\\akiva\\OneDrive\\Documents\\2024-group-lab-003\\src\\services\\dbSchema.js","statementMap":{"0":{"start":{"line":1,"column":17},"end":{"line":1,"column":36}},"1":{"start":{"line":3,"column":19},"end":{"line":6,"column":2}},"2":{"start":{"line":8,"column":19},"end":{"line":14,"column":2}},"3":{"start":{"line":16,"column":25},"end":{"line":22,"column":2}},"4":{"start":{"line":24,"column":20},"end":{"line":29,"column":2}},"5":{"start":{"line":31,"column":22},"end":{"line":38,"column":2}},"6":{"start":{"line":40,"column":22},"end":{"line":47,"column":2}},"7":{"start":{"line":49,"column":13},"end":{"line":49,"column":47}},"8":{"start":{"line":50,"column":13},"end":{"line":50,"column":47}},"9":{"start":{"line":51,"column":19},"end":{"line":51,"column":65}},"10":{"start":{"line":52,"column":14},"end":{"line":52,"column":50}},"11":{"start":{"line":53,"column":16},"end":{"line":53,"column":56}},"12":{"start":{"line":54,"column":16},"end":{"line":54,"column":54}},"13":{"start":{"line":56,"column":0},"end":{"line":63,"column":1}}},"fnMap":{},"branchMap":{},"s":{"0":1,"1":1,"2":1,"3":1,"4":1,"5":1,"6":1,"7":1,"8":1,"9":1,"10":1,"11":1,"12":1,"13":1},"f":{},"b":{},"_coverageSchema":"1a1c01bbd47fc00a2c39e90264f33305004495a9","hash":"9a1fd84b979f341f8f8760d8475a909309f87113"}
}
