TN:
SF:src\controllers\roomController.js
FN:3,generateRoomCode
FN:14,generateRandomCode
FN:25,createRoom
FN:65,joinRoom
FN:97,getRoomPlayers
FN:112,(anonymous_5)
FN:123,getRoomIdByCode
FN:139,isUserAdmin
FN:161,startRoom
FN:188,checkRoomStarted
FN:208,removePlayerFromRoomByID
FN:231,removePlayerFromRoomByNickname
FN:253,userIsInRoom
FN:278,setNumRounds
FN:302,setTimePerRound
FN:325,addRoundsToRoom
FN:363,getRoundID
FN:386,insertBookEntries
FN:444,getRoomRounds
FN:460,(anonymous_19)
FN:471,addTextDescription
FN:496,getText
FN:517,getBookUserIdFromDraw
FN:551,getBookUserIdFromText
FN:580,incrementPlayersReadyInRound
FN:607,checkAllPlayersReady
FN:637,getPlayersByRoomId
FN:654,(anonymous_27)
FN:666,getRoomRoundsByRoomId
FN:676,(anonymous_29)
FN:685,getFinalText
FN:719,addImage
FN:750,getDrawing
FN:774,fetchAllRoomPlayers
FN:780,(anonymous_34)
FN:797,getImageData
FN:838,getRoomMetadata
FN:857,fetchAllDrawings
FN:886,fetchAllTextings
FN:915,findOrCreateUser
FN:936,getAllUsers
FN:947,getRoundIdsByRoom
FN:957,(anonymous_42)
FNF:43
FNH:35
FNDA:0,generateRoomCode
FNDA:0,generateRandomCode
FNDA:0,createRoom
FNDA:2,joinRoom
FNDA:3,getRoomPlayers
FNDA:0,(anonymous_5)
FNDA:3,getRoomIdByCode
FNDA:3,isUserAdmin
FNDA:3,startRoom
FNDA:2,checkRoomStarted
FNDA:3,removePlayerFromRoomByID
FNDA:3,removePlayerFromRoomByNickname
FNDA:3,userIsInRoom
FNDA:3,setNumRounds
FNDA:3,setTimePerRound
FNDA:2,addRoundsToRoom
FNDA:2,getRoundID
FNDA:3,insertBookEntries
FNDA:3,getRoomRounds
FNDA:2,(anonymous_19)
FNDA:1,addTextDescription
FNDA:2,getText
FNDA:4,getBookUserIdFromDraw
FNDA:4,getBookUserIdFromText
FNDA:3,incrementPlayersReadyInRound
FNDA:4,checkAllPlayersReady
FNDA:3,getPlayersByRoomId
FNDA:0,(anonymous_27)
FNDA:0,getRoomRoundsByRoomId
FNDA:0,(anonymous_29)
FNDA:2,getFinalText
FNDA:0,addImage
FNDA:2,getDrawing
FNDA:2,fetchAllRoomPlayers
FNDA:2,(anonymous_34)
FNDA:2,getImageData
FNDA:2,getRoomMetadata
FNDA:1,fetchAllDrawings
FNDA:1,fetchAllTextings
FNDA:3,findOrCreateUser
FNDA:2,getAllUsers
FNDA:3,getRoundIdsByRoom
FNDA:2,(anonymous_42)
DA:1,1
DA:5,0
DA:6,0
DA:7,0
DA:8,0
DA:9,0
DA:11,0
DA:16,0
DA:17,0
DA:18,0
DA:20,0
DA:22,0
DA:26,0
DA:27,0
DA:29,0
DA:32,0
DA:33,0
DA:37,0
DA:38,0
DA:42,0
DA:45,0
DA:51,0
DA:54,0
DA:60,0
DA:61,0
DA:66,2
DA:67,2
DA:68,2
DA:69,1
DA:70,1
DA:73,0
DA:74,0
DA:75,0
DA:78,0
DA:85,0
DA:86,0
DA:92,1
DA:93,1
DA:98,3
DA:99,3
DA:101,3
DA:102,2
DA:103,1
DA:104,1
DA:105,1
DA:108,1
DA:110,0
DA:112,0
DA:118,2
DA:119,2
DA:124,3
DA:125,3
DA:126,3
DA:127,2
DA:128,1
DA:132,1
DA:134,1
DA:135,1
DA:140,3
DA:142,3
DA:143,3
DA:148,0
DA:149,0
DA:154,0
DA:156,3
DA:157,3
DA:162,3
DA:163,3
DA:165,3
DA:171,2
DA:172,1
DA:177,1
DA:183,1
DA:184,1
DA:189,2
DA:191,2
DA:192,2
DA:194,0
DA:195,0
DA:200,0
DA:202,2
DA:203,2
DA:209,3
DA:211,3
DA:213,3
DA:215,2
DA:216,1
DA:220,1
DA:225,1
DA:226,1
DA:232,3
DA:234,3
DA:236,3
DA:238,2
DA:239,1
DA:243,1
DA:248,1
DA:249,1
DA:254,3
DA:256,3
DA:258,3
DA:259,0
DA:260,0
DA:264,0
DA:265,0
DA:266,0
DA:270,0
DA:272,3
DA:273,3
DA:279,3
DA:281,3
DA:283,3
DA:285,2
DA:286,1
DA:290,1
DA:296,1
DA:297,1
DA:303,3
DA:305,3
DA:307,3
DA:309,2
DA:310,1
DA:314,1
DA:320,1
DA:321,1
DA:326,2
DA:328,2
DA:330,2
DA:331,2
DA:332,1
DA:336,1
DA:339,1
DA:340,1
DA:341,3
DA:347,3
DA:348,3
DA:352,1
DA:358,0
DA:359,0
DA:364,2
DA:366,2
DA:368,2
DA:370,0
DA:371,0
DA:375,0
DA:381,2
DA:382,2
DA:387,3
DA:389,3
DA:391,3
DA:392,1
DA:395,2
DA:398,2
DA:399,4
DA:400,4
DA:402,4
DA:404,8
DA:405,8
DA:407,8
DA:409,4
DA:416,4
DA:419,4
DA:426,4
DA:432,2
DA:434,1
DA:439,1
DA:440,1
DA:445,3
DA:446,3
DA:448,3
DA:449,2
DA:450,1
DA:451,1
DA:452,1
DA:456,1
DA:458,1
DA:460,2
DA:466,1
DA:467,1
DA:472,1
DA:474,1
DA:476,1
DA:485,0
DA:491,1
DA:492,1
DA:497,2
DA:498,2
DA:499,2
DA:504,0
DA:505,0
DA:510,0
DA:512,2
DA:513,2
DA:518,4
DA:520,4
DA:521,4
DA:523,4
DA:525,4
DA:527,3
DA:528,1
DA:532,2
DA:533,2
DA:534,1
DA:537,1
DA:540,1
DA:546,1
DA:547,1
DA:552,4
DA:554,4
DA:556,4
DA:558,3
DA:559,1
DA:563,2
DA:564,2
DA:565,1
DA:569,1
DA:575,1
DA:576,1
DA:581,3
DA:583,3
DA:585,3
DA:591,2
DA:592,1
DA:596,1
DA:602,1
DA:603,1
DA:608,4
DA:610,4
DA:612,4
DA:613,3
DA:614,1
DA:618,2
DA:619,1
DA:625,1
DA:632,1
DA:633,1
DA:638,3
DA:639,3
DA:641,3
DA:642,2
DA:643,1
DA:644,1
DA:645,1
DA:649,1
DA:652,0
DA:654,0
DA:661,2
DA:662,2
DA:667,0
DA:669,0
DA:670,0
DA:672,0
DA:673,0
DA:676,0
DA:678,0
DA:680,0
DA:681,0
DA:686,2
DA:687,2
DA:688,2
DA:693,0
DA:694,0
DA:695,0
DA:699,0
DA:703,0
DA:704,0
DA:708,0
DA:714,2
DA:715,2
DA:720,0
DA:721,0
DA:723,0
DA:724,0
DA:727,0
DA:728,0
DA:730,0
DA:739,0
DA:745,0
DA:746,0
DA:751,2
DA:753,2
DA:754,2
DA:759,0
DA:760,0
DA:764,0
DA:765,0
DA:767,0
DA:769,2
DA:770,2
DA:775,2
DA:777,2
DA:780,2
DA:787,1
DA:792,1
DA:793,1
DA:798,2
DA:799,2
DA:801,2
DA:802,2
DA:803,2
DA:808,0
DA:810,0
DA:811,0
DA:815,0
DA:819,0
DA:820,0
DA:824,0
DA:827,0
DA:833,2
DA:834,2
DA:839,2
DA:841,2
DA:842,2
DA:844,0
DA:845,0
DA:850,0
DA:852,2
DA:853,2
DA:858,1
DA:859,1
DA:879,0
DA:881,1
DA:882,1
DA:887,1
DA:888,1
DA:908,0
DA:910,1
DA:911,1
DA:916,3
DA:917,3
DA:919,3
DA:922,2
DA:923,1
DA:924,1
DA:927,2
DA:929,1
DA:930,1
DA:931,1
DA:937,2
DA:938,2
DA:940,1
DA:942,1
DA:943,1
DA:948,3
DA:950,3
DA:951,3
DA:953,2
DA:954,1
DA:957,2
DA:959,1
DA:961,1
DA:962,1
DA:966,1
LF:353
LH:254
BRDA:32,0,0,0
BRDA:32,0,1,0
BRDA:69,1,0,1
BRDA:69,1,1,0
BRDA:74,2,0,0
BRDA:74,2,1,0
BRDA:102,3,0,1
BRDA:102,3,1,1
BRDA:127,4,0,1
BRDA:127,4,1,1
BRDA:148,5,0,0
BRDA:148,5,1,0
BRDA:171,6,0,1
BRDA:171,6,1,1
BRDA:194,7,0,0
BRDA:194,7,1,0
BRDA:215,8,0,1
BRDA:215,8,1,1
BRDA:238,9,0,1
BRDA:238,9,1,1
BRDA:259,10,0,0
BRDA:259,10,1,0
BRDA:265,11,0,0
BRDA:265,11,1,0
BRDA:285,12,0,1
BRDA:285,12,1,1
BRDA:309,13,0,1
BRDA:309,13,1,1
BRDA:331,14,0,1
BRDA:331,14,1,1
BRDA:370,15,0,0
BRDA:370,15,1,0
BRDA:391,16,0,1
BRDA:391,16,1,2
BRDA:391,17,0,3
BRDA:391,17,1,2
BRDA:391,17,2,2
BRDA:407,18,0,4
BRDA:407,18,1,4
BRDA:449,19,0,1
BRDA:449,19,1,1
BRDA:504,20,0,0
BRDA:504,20,1,0
BRDA:527,21,0,1
BRDA:527,21,1,2
BRDA:533,22,0,1
BRDA:533,22,1,1
BRDA:558,23,0,1
BRDA:558,23,1,2
BRDA:564,24,0,1
BRDA:564,24,1,1
BRDA:591,25,0,1
BRDA:591,25,1,1
BRDA:613,26,0,1
BRDA:613,26,1,2
BRDA:618,27,0,1
BRDA:618,27,1,1
BRDA:642,28,0,1
BRDA:642,28,1,1
BRDA:672,29,0,0
BRDA:672,29,1,0
BRDA:693,30,0,0
BRDA:693,30,1,0
BRDA:694,31,0,0
BRDA:694,31,1,0
BRDA:703,32,0,0
BRDA:703,32,1,0
BRDA:723,33,0,0
BRDA:723,33,1,0
BRDA:759,34,0,0
BRDA:759,34,1,0
BRDA:810,35,0,0
BRDA:810,35,1,0
BRDA:810,36,0,0
BRDA:810,36,1,0
BRDA:819,37,0,0
BRDA:819,37,1,0
BRDA:844,38,0,0
BRDA:844,38,1,0
BRDA:922,39,0,1
BRDA:922,39,1,1
BRDA:930,40,0,1
BRDA:930,40,1,0
BRDA:953,41,0,1
BRDA:953,41,1,1
BRDA:953,42,0,2
BRDA:953,42,1,2
BRF:87
BRH:49
end_of_record
TN:
SF:src\services\dbSchema.js
FNF:0
FNH:0
DA:1,1
DA:3,1
DA:8,1
DA:16,1
DA:24,1
DA:31,1
DA:40,1
DA:49,1
DA:50,1
DA:51,1
DA:52,1
DA:53,1
DA:54,1
DA:56,1
LF:14
LH:14
BRF:0
BRH:0
end_of_record
